<?xml version="1.0" encoding="UTF-8"?>
<testng-results skipped="0" failed="0" ignored="0" total="1" passed="1">
  <reporter-output>
  </reporter-output>
  <suite name="Suite" duration-ms="12067" started-at="2021-01-26T10:30:52Z" finished-at="2021-01-26T10:31:04Z">
    <groups>
    </groups>
    <test name="Test" duration-ms="12067" started-at="2021-01-26T10:30:52Z" finished-at="2021-01-26T10:31:04Z">
      <class name="TC01HomePgetest.HomePgetest">
        <test-method status="PASS" signature="Tchome()[pri:0, instance:TC01HomePgetest.HomePgetest@6767c1fc]" name="Tchome" duration-ms="12040" started-at="2021-01-26T16:00:52Z" finished-at="2021-01-26T16:01:04Z">
          <reporter-output>
          </reporter-output>
        </test-method> <!-- Tchome -->
      </class> <!-- TC01HomePgetest.HomePgetest -->
    </test> <!-- Test -->
  </suite> <!-- Suite -->
</testng-results>
