<?xml version="1.0" encoding="UTF-8"?>
<testng-results skipped="0" failed="0" ignored="0" total="1" passed="1">
  <reporter-output>
  </reporter-output>
  <suite name="Suite" duration-ms="17949" started-at="2021-05-16T10:04:52Z" finished-at="2021-05-16T10:05:10Z">
    <groups>
    </groups>
    <test name="Test" duration-ms="17949" started-at="2021-05-16T10:04:52Z" finished-at="2021-05-16T10:05:10Z">
      <class name="TC01HomePgetest.HomePgetest">
        <test-method status="PASS" signature="Tchome()[pri:0, instance:TC01HomePgetest.HomePgetest@6767c1fc]" name="Tchome" duration-ms="17914" started-at="2021-05-16T15:34:52Z" finished-at="2021-05-16T15:35:10Z">
          <reporter-output>
          </reporter-output>
        </test-method> <!-- Tchome -->
      </class> <!-- TC01HomePgetest.HomePgetest -->
    </test> <!-- Test -->
  </suite> <!-- Suite -->
</testng-results>
